#
# There is insufficient memory for the Java Runtime Environment to continue.
# Native memory allocation (mmap) failed to map 32505856 bytes for committing reserved memory.
# Possible reasons:
#   The system is out of physical RAM or swap space
#   In 32 bit mode, the process size limit was hit
# Possible solutions:
#   Reduce memory load on the system
#   Increase physical memory or swap space
#   Check if swap backing store is full
#   Use 64 bit Java on a 64 bit OS
#   Decrease Java heap size (-Xmx/-Xms)
#   Decrease number of Java threads
#   Decrease Java thread stack sizes (-Xss)
#   Set larger code cache with -XX:ReservedCodeCacheSize=
# This output file may be truncated or incomplete.
#
#  Out of Memory Error (os_linux.cpp:2640), pid=2478, tid=0x00007f554c5b3700
#
# JRE version: Java(TM) SE Runtime Environment (8.0_131-b11) (build 1.8.0_131-b11)
# Java VM: Java HotSpot(TM) 64-Bit Server VM (25.131-b11 mixed mode linux-amd64 compressed oops)
# Failed to write core dump. Core dumps have been disabled. To enable core dumping, try "ulimit -c unlimited" before starting Java again
#

---------------  T H R E A D  ---------------

Current thread (0x00007f5548074000):  VMThread [stack: 0x00007f554c4b3000,0x00007f554c5b4000] [id=2483]

Stack: [0x00007f554c4b3000,0x00007f554c5b4000],  sp=0x00007f554c5b20e0,  free space=1020k
Native frames: (J=compiled Java code, j=interpreted, Vv=VM code, C=native code)
V  [libjvm.so+0xac826a]  VMError::report_and_die()+0x2ba
V  [libjvm.so+0x4fd4cb]  report_vm_out_of_memory(char const*, int, unsigned long, VMErrorType, char const*)+0x8b
V  [libjvm.so+0x924f53]  os::Linux::commit_memory_impl(char*, unsigned long, bool)+0x103
V  [libjvm.so+0x9254a9]  os::pd_commit_memory(char*, unsigned long, unsigned long, bool)+0x29
V  [libjvm.so+0x91f6ca]  os::commit_memory(char*, unsigned long, unsigned long, bool)+0x2a
V  [libjvm.so+0x9941e3]  PSVirtualSpace::expand_by(unsigned long)+0x53
V  [libjvm.so+0x9955e8]  PSYoungGen::resize_generation(unsigned long, unsigned long)+0xf8
V  [libjvm.so+0x994742]  PSYoungGen::resize(unsigned long, unsigned long)+0x22
V  [libjvm.so+0x991a1b]  PSScavenge::invoke_no_policy()+0xf3b
V  [libjvm.so+0x9921a1]  PSScavenge::invoke()+0x41
V  [libjvm.so+0x948f00]  ParallelScavengeHeap::failed_mem_allocate(unsigned long)+0x70
V  [libjvm.so+0xac9c87]  VM_ParallelGCFailedAllocation::doit()+0x97
V  [libjvm.so+0xad1765]  VM_Operation::evaluate()+0x55
V  [libjvm.so+0xacfb3a]  VMThread::evaluate_operation(VM_Operation*)+0xba
V  [libjvm.so+0xacfebe]  VMThread::loop()+0x1ce
V  [libjvm.so+0xad0330]  VMThread::run()+0x70
V  [libjvm.so+0x927568]  java_start(Thread*)+0x108

VM_Operation (0x00007f555142a660): ParallelGCFailedAllocation, mode: safepoint, requested by thread 0x00007f554800a000


---------------  P R O C E S S  ---------------

Java Threads: ( => current thread )
  0x00007f5548174800 JavaThread "pool-1-thread-4" [_thread_blocked, id=2498, stack(0x00007f55366f7000,0x00007f55367f8000)]
  0x00007f5548173000 JavaThread "pool-1-thread-3" [_thread_blocked, id=2497, stack(0x00007f55367f8000,0x00007f55368f9000)]
  0x00007f5548171000 JavaThread "pool-1-thread-2" [_thread_blocked, id=2496, stack(0x00007f55368f9000,0x00007f55369fa000)]
  0x00007f5548170000 JavaThread "pool-2-thread-1" [_thread_blocked, id=2495, stack(0x00007f55369fa000,0x00007f5536afb000)]
  0x00007f554816d800 JavaThread "pool-1-thread-1" [_thread_blocked, id=2494, stack(0x00007f5536afb000,0x00007f5536bfc000)]
  0x00007f55480ba000 JavaThread "Service Thread" daemon [_thread_blocked, id=2492, stack(0x00007f5536cfd000,0x00007f5536dfe000)]
  0x00007f55480b7800 JavaThread "C1 CompilerThread1" daemon [_thread_blocked, id=2491, stack(0x00007f5536dfe000,0x00007f5536eff000)]
  0x00007f55480b4800 JavaThread "C2 CompilerThread0" daemon [_thread_blocked, id=2490, stack(0x00007f5536eff000,0x00007f5537000000)]
  0x00007f55480b3000 JavaThread "Signal Dispatcher" daemon [_thread_blocked, id=2489, stack(0x00007f554c027000,0x00007f554c128000)]
  0x00007f5548080000 JavaThread "Finalizer" daemon [_thread_blocked, id=2487, stack(0x00007f554c2b1000,0x00007f554c3b2000)]
  0x00007f554807b800 JavaThread "Reference Handler" daemon [_thread_blocked, id=2485, stack(0x00007f554c3b2000,0x00007f554c4b3000)]
  0x00007f554800a000 JavaThread "main" [_thread_blocked, id=2480, stack(0x00007f555132c000,0x00007f555142d000)]

Other Threads:
=>0x00007f5548074000 VMThread [stack: 0x00007f554c4b3000,0x00007f554c5b4000] [id=2483]
  0x00007f55480bd000 WatcherThread [stack: 0x00007f5536bfc000,0x00007f5536cfd000] [id=2493]

VM state:at safepoint (normal execution)

VM Mutex/Monitor currently owned by a thread:  ([mutex/lock_event])
[0x00007f5548006510] Threads_lock - owner thread: 0x00007f5548074000
[0x00007f5548006a10] Heap_lock - owner thread: 0x00007f554800a000

Heap:
 PSYoungGen      total 119808K, used 14584K [0x00000000eab00000, 0x00000000f3180000, 0x0000000100000000)
  eden space 101888K, 0% used [0x00000000eab00000,0x00000000eab00000,0x00000000f0e80000)
  from space 17920K, 81% used [0x00000000f0e80000,0x00000000f1cbe188,0x00000000f2000000)
  to   space 13824K, 0% used [0x00000000f2400000,0x00000000f2400000,0x00000000f3180000)
 ParOldGen       total 75264K, used 59661K [0x00000000c0000000, 0x00000000c4980000, 0x00000000eab00000)
  object space 75264K, 79% used [0x00000000c0000000,0x00000000c3a435b0,0x00000000c4980000)
 Metaspace       used 6512K, capacity 7256K, committed 7424K, reserved 1056768K
  class space    used 629K, capacity 656K, committed 768K, reserved 1048576K

Card table byte_map: [0x00007f554dec7000,0x00007f554e0c8000] byte_map_base: 0x00007f554d8c7000

Marking Bits: (ParMarkBitMap*) 0x00007f55507ebf60
 Begin Bits: [0x00007f5537000000, 0x00007f5538000000)
 End Bits:   [0x00007f5538000000, 0x00007f5539000000)

Polling page: 0x00007f5551439000

CodeCache: size=245760Kb used=7473Kb max_used=7473Kb free=238286Kb
 bounds [0x00007f5539000000, 0x00007f5539760000, 0x00007f5548000000]
 total_blobs=2269 nmethods=2002 adapters=180
 compilation: enabled

Compilation events (10 events):
Event: 6.778 Thread 0x00007f55480b7800 2238       2       java.util.concurrent.ArrayBlockingQueue::checkNotNull (13 bytes)
Event: 6.778 Thread 0x00007f55480b7800 nmethod 2238 0x00007f553974ea10 code [0x00007f553974eb80, 0x00007f553974ed48]
Event: 6.778 Thread 0x00007f55480b7800 2239       2       java.util.concurrent.locks.ReentrantLock$FairSync::lock (6 bytes)
Event: 6.779 Thread 0x00007f55480b7800 nmethod 2239 0x00007f553974ee10 code [0x00007f553974efa0, 0x00007f553974f1b8]
Event: 6.779 Thread 0x00007f55480b7800 2240       1       com.android.dx.cf.attrib.AttEnclosingMethod::getEnclosingClass (5 bytes)
Event: 6.779 Thread 0x00007f55480b7800 nmethod 2240 0x00007f553974f310 code [0x00007f553974f460, 0x00007f553974f570]
Event: 6.779 Thread 0x00007f55480b7800 2241       1       com.android.dx.cf.attrib.AttEnclosingMethod::getMethod (5 bytes)
Event: 6.779 Thread 0x00007f55480b7800 nmethod 2241 0x00007f553974f5d0 code [0x00007f553974f720, 0x00007f553974f830]
Event: 6.780 Thread 0x00007f55480b7800 2242       2       com.android.dx.cf.direct.AnnotationParser::<init> (69 bytes)
Event: 6.781 Thread 0x00007f55480b7800 nmethod 2242 0x00007f553974f890 code [0x00007f553974fa40, 0x00007f553974ff48]

GC Heap History (10 events):
Event: 3.424 GC heap after
Heap after GC invocations=10 (full 1):
 PSYoungGen      total 75776K, used 9718K [0x00000000eab00000, 0x00000000f1480000, 0x0000000100000000)
  eden space 66048K, 0% used [0x00000000eab00000,0x00000000eab00000,0x00000000eeb80000)
  from space 9728K, 99% used [0x00000000eeb80000,0x00000000ef4fd9d0,0x00000000ef500000)
  to   space 12288K, 0% used [0x00000000f0880000,0x00000000f0880000,0x00000000f1480000)
 ParOldGen       total 40448K, used 24038K [0x00000000c0000000, 0x00000000c2780000, 0x00000000eab00000)
  object space 40448K, 59% used [0x00000000c0000000,0x00000000c17798b8,0x00000000c2780000)
 Metaspace       used 6206K, capacity 7064K, committed 7424K, reserved 1056768K
  class space    used 629K, capacity 656K, committed 768K, reserved 1048576K
}
Event: 3.987 GC heap before
{Heap before GC invocations=11 (full 1):
 PSYoungGen      total 75776K, used 75766K [0x00000000eab00000, 0x00000000f1480000, 0x0000000100000000)
  eden space 66048K, 100% used [0x00000000eab00000,0x00000000eeb80000,0x00000000eeb80000)
  from space 9728K, 99% used [0x00000000eeb80000,0x00000000ef4fd9d0,0x00000000ef500000)
  to   space 12288K, 0% used [0x00000000f0880000,0x00000000f0880000,0x00000000f1480000)
 ParOldGen       total 40448K, used 24038K [0x00000000c0000000, 0x00000000c2780000, 0x00000000eab00000)
  object space 40448K, 59% used [0x00000000c0000000,0x00000000c17798b8,0x00000000c2780000)
 Metaspace       used 6285K, capacity 7128K, committed 7424K, reserved 1056768K
  class space    used 629K, capacity 656K, committed 768K, reserved 1048576K
Event: 4.171 GC heap after
Heap after GC invocations=11 (full 1):
 PSYoungGen      total 91136K, used 12261K [0x00000000eab00000, 0x00000000f2200000, 0x0000000100000000)
  eden space 78848K, 0% used [0x00000000eab00000,0x00000000eab00000,0x00000000ef800000)
  from space 12288K, 99% used [0x00000000f0880000,0x00000000f1479650,0x00000000f1480000)
  to   space 16896K, 0% used [0x00000000ef800000,0x00000000ef800000,0x00000000f0880000)
 ParOldGen       total 40448K, used 31381K [0x00000000c0000000, 0x00000000c2780000, 0x00000000eab00000)
  object space 40448K, 77% used [0x00000000c0000000,0x00000000c1ea5718,0x00000000c2780000)
 Metaspace       used 6285K, capacity 7128K, committed 7424K, reserved 1056768K
  class space    used 629K, capacity 656K, committed 768K, reserved 1048576K
}
Event: 4.839 GC heap before
{Heap before GC invocations=12 (full 1):
 PSYoungGen      total 91136K, used 91109K [0x00000000eab00000, 0x00000000f2200000, 0x0000000100000000)
  eden space 78848K, 100% used [0x00000000eab00000,0x00000000ef800000,0x00000000ef800000)
  from space 12288K, 99% used [0x00000000f0880000,0x00000000f1479650,0x00000000f1480000)
  to   space 16896K, 0% used [0x00000000ef800000,0x00000000ef800000,0x00000000f0880000)
 ParOldGen       total 40448K, used 31381K [0x00000000c0000000, 0x00000000c2780000, 0x00000000eab00000)
  object space 40448K, 77% used [0x00000000c0000000,0x00000000c1ea5718,0x00000000c2780000)
 Metaspace       used 6318K, capacity 7128K, committed 7424K, reserved 1056768K
  class space    used 629K, capacity 656K, committed 768K, reserved 1048576K
Event: 4.981 GC heap after
Heap after GC invocations=12 (full 1):
 PSYoungGen      total 95744K, used 11303K [0x00000000eab00000, 0x00000000f3500000, 0x0000000100000000)
  eden space 78848K, 0% used [0x00000000eab00000,0x00000000eab00000,0x00000000ef800000)
  from space 16896K, 66% used [0x00000000ef800000,0x00000000f0309d40,0x00000000f0880000)
  to   space 17408K, 0% used [0x00000000f2400000,0x00000000f2400000,0x00000000f3500000)
 ParOldGen       total 44032K, used 43551K [0x00000000c0000000, 0x00000000c2b00000, 0x00000000eab00000)
  object space 44032K, 98% used [0x00000000c0000000,0x00000000c2a87e68,0x00000000c2b00000)
 Metaspace       used 6318K, capacity 7128K, committed 7424K, reserved 1056768K
  class space    used 629K, capacity 656K, committed 768K, reserved 1048576K
}
Event: 4.981 GC heap before
{Heap before GC invocations=13 (full 2):
 PSYoungGen      total 95744K, used 11303K [0x00000000eab00000, 0x00000000f3500000, 0x0000000100000000)
  eden space 78848K, 0% used [0x00000000eab00000,0x00000000eab00000,0x00000000ef800000)
  from space 16896K, 66% used [0x00000000ef800000,0x00000000f0309d40,0x00000000f0880000)
  to   space 17408K, 0% used [0x00000000f2400000,0x00000000f2400000,0x00000000f3500000)
 ParOldGen       total 44032K, used 43551K [0x00000000c0000000, 0x00000000c2b00000, 0x00000000eab00000)
  object space 44032K, 98% used [0x00000000c0000000,0x00000000c2a87e68,0x00000000c2b00000)
 Metaspace       used 6318K, capacity 7128K, committed 7424K, reserved 1056768K
  class space    used 629K, capacity 656K, committed 768K, reserved 1048576K
Event: 5.602 GC heap after
Heap after GC invocations=13 (full 2):
 PSYoungGen      total 95744K, used 6073K [0x00000000eab00000, 0x00000000f3500000, 0x0000000100000000)
  eden space 78848K, 0% used [0x00000000eab00000,0x00000000eab00000,0x00000000ef800000)
  from space 16896K, 35% used [0x00000000ef800000,0x00000000efdee4d8,0x00000000f0880000)
  to   space 17408K, 0% used [0x00000000f2400000,0x00000000f2400000,0x00000000f3500000)
 ParOldGen       total 75264K, used 43923K [0x00000000c0000000, 0x00000000c4980000, 0x00000000eab00000)
  object space 75264K, 58% used [0x00000000c0000000,0x00000000c2ae4d40,0x00000000c4980000)
 Metaspace       used 6318K, capacity 7128K, committed 7424K, reserved 1056768K
  class space    used 629K, capacity 656K, committed 768K, reserved 1048576K
}
Event: 5.896 GC heap before
{Heap before GC invocations=14 (full 2):
 PSYoungGen      total 95744K, used 84921K [0x00000000eab00000, 0x00000000f3500000, 0x0000000100000000)
  eden space 78848K, 100% used [0x00000000eab00000,0x00000000ef800000,0x00000000ef800000)
  from space 16896K, 35% used [0x00000000ef800000,0x00000000efdee4d8,0x00000000f0880000)
  to   space 17408K, 0% used [0x00000000f2400000,0x00000000f2400000,0x00000000f3500000)
 ParOldGen       total 75264K, used 43923K [0x00000000c0000000, 0x00000000c4980000, 0x00000000eab00000)
  object space 75264K, 58% used [0x00000000c0000000,0x00000000c2ae4d40,0x00000000c4980000)
 Metaspace       used 6420K, capacity 7192K, committed 7424K, reserved 1056768K
  class space    used 629K, capacity 656K, committed 768K, reserved 1048576K
Event: 6.116 GC heap after
Heap after GC invocations=14 (full 2):
 PSYoungGen      total 115712K, used 10826K [0x00000000eab00000, 0x00000000f3180000, 0x0000000100000000)
  eden space 101888K, 0% used [0x00000000eab00000,0x00000000eab00000,0x00000000f0e80000)
  from space 13824K, 78% used [0x00000000f2400000,0x00000000f2e92908,0x00000000f3180000)
  to   space 17920K, 0% used [0x00000000f0e80000,0x00000000f0e80000,0x00000000f2000000)
 ParOldGen       total 75264K, used 49575K [0x00000000c0000000, 0x00000000c4980000, 0x00000000eab00000)
  object space 75264K, 65% used [0x00000000c0000000,0x00000000c3069c88,0x00000000c4980000)
 Metaspace       used 6420K, capacity 7192K, committed 7424K, reserved 1056768K
  class space    used 629K, capacity 656K, committed 768K, reserved 1048576K
}
Event: 6.799 GC heap before
{Heap before GC invocations=15 (full 2):
 PSYoungGen      total 115712K, used 112714K [0x00000000eab00000, 0x00000000f3180000, 0x0000000100000000)
  eden space 101888K, 100% used [0x00000000eab00000,0x00000000f0e80000,0x00000000f0e80000)
  from space 13824K, 78% used [0x00000000f2400000,0x00000000f2e92908,0x00000000f3180000)
  to   space 17920K, 0% used [0x00000000f0e80000,0x00000000f0e80000,0x00000000f2000000)
 ParOldGen       total 75264K, used 49575K [0x00000000c0000000, 0x00000000c4980000, 0x00000000eab00000)
  object space 75264K, 65% used [0x00000000c0000000,0x00000000c3069c88,0x00000000c4980000)
 Metaspace       used 6512K, capacity 7256K, committed 7424K, reserved 1056768K
  class space    used 629K, capacity 656K, committed 768K, reserved 1048576K

Deoptimization events (10 events):
Event: 2.105 Thread 0x00007f5548171000 Uncommon trap: reason=unstable_if action=reinterpret pc=0x00007f553934bfd0 method=java.util.HashMap.putVal(ILjava/lang/Object;Ljava/lang/Object;ZZ)Ljava/lang/Object; @ 162
Event: 2.110 Thread 0x00007f5548171000 Uncommon trap: reason=unstable_if action=reinterpret pc=0x00007f55393a4fa8 method=java.util.HashMap.getNode(ILjava/lang/Object;)Ljava/util/HashMap$Node; @ 84
Event: 2.369 Thread 0x00007f5548171000 Uncommon trap: reason=unstable_if action=reinterpret pc=0x00007f55391ed448 method=java.util.HashMap.getNode(ILjava/lang/Object;)Ljava/util/HashMap$Node; @ 84
Event: 3.519 Thread 0x00007f554816d800 Uncommon trap: reason=bimorphic action=maybe_recompile pc=0x00007f553940b044 method=java.util.HashMap.getNode(ILjava/lang/Object;)Ljava/util/HashMap$Node; @ 126
Event: 3.519 Thread 0x00007f554816d800 Uncommon trap: reason=bimorphic action=maybe_recompile pc=0x00007f553940b044 method=java.util.HashMap.getNode(ILjava/lang/Object;)Ljava/util/HashMap$Node; @ 126
Event: 3.519 Thread 0x00007f554816d800 Uncommon trap: reason=bimorphic action=maybe_recompile pc=0x00007f553940b044 method=java.util.HashMap.getNode(ILjava/lang/Object;)Ljava/util/HashMap$Node; @ 126
Event: 3.519 Thread 0x00007f554816d800 Uncommon trap: reason=bimorphic action=maybe_recompile pc=0x00007f553940b044 method=java.util.HashMap.getNode(ILjava/lang/Object;)Ljava/util/HashMap$Node; @ 126
Event: 3.924 Thread 0x00007f5548174800 Uncommon trap: reason=unstable_if action=reinterpret pc=0x00007f55394f8844 method=com.android.dx.util.IntList.binarysearch(I)I @ 105
Event: 4.579 Thread 0x00007f5548174800 Uncommon trap: reason=unstable_if action=reinterpret pc=0x00007f55396123d4 method=com.android.dx.ssa.SCCP.simulateStmt(Lcom/android/dx/ssa/SsaInsn;)V @ 53
Event: 5.626 Thread 0x00007f5548171000 Uncommon trap: reason=unstable_if action=reinterpret pc=0x00007f55396385e8 method=java.util.HashMap.putVal(ILjava/lang/Object;Ljava/lang/Object;ZZ)Ljava/lang/Object; @ 94

Internal exceptions (5 events):
Event: 0.026 Thread 0x00007f554800a000 Exception <a 'java/lang/NoSuchMethodError': Method sun.misc.Unsafe.defineClass(Ljava/lang/String;[BII)Ljava/lang/Class; name or signature does not match> (0x00000000eab07ca8) thrown at [/HUDSON/workspace/8-2-build-linux-amd64/jdk8u131/8869/hotspot/src/sha
Event: 0.026 Thread 0x00007f554800a000 Exception <a 'java/lang/NoSuchMethodError': Method sun.misc.Unsafe.prefetchRead(Ljava/lang/Object;J)V name or signature does not match> (0x00000000eab07f90) thrown at [/HUDSON/workspace/8-2-build-linux-amd64/jdk8u131/8869/hotspot/src/share/vm/prims/jni.cp
Event: 2.106 Thread 0x00007f5548171000 Exception <a 'java/lang/ArrayIndexOutOfBoundsException': 18> (0x00000000eb0b60d8) thrown at [/HUDSON/workspace/8-2-build-linux-amd64/jdk8u131/8869/hotspot/src/share/vm/interpreter/interpreterRuntime.cpp, line 366]
Event: 2.106 Thread 0x00007f5548171000 Exception <a 'java/lang/ArrayIndexOutOfBoundsException': 145> (0x00000000eb0b7c58) thrown at [/HUDSON/workspace/8-2-build-linux-amd64/jdk8u131/8869/hotspot/src/share/vm/interpreter/interpreterRuntime.cpp, line 366]
Event: 2.110 Thread 0x00007f5548171000 Exception <a 'java/lang/ArrayIndexOutOfBoundsException': 40> (0x00000000eb0b8f40) thrown at [/HUDSON/workspace/8-2-build-linux-amd64/jdk8u131/8869/hotspot/src/share/vm/interpreter/interpreterRuntime.cpp, line 366]

Events (10 events):
Event: 6.343 Thread 0x00007f554800a000 DEOPT UNPACKING pc=0x00007f5539047633 sp=0x00007f555142a4a0 mode 0
Event: 6.434 Thread 0x00007f554816d800 DEOPT PACKING pc=0x00007f553938882c sp=0x00007f5536bf9e20
Event: 6.434 Thread 0x00007f554816d800 DEOPT UNPACKING pc=0x00007f5539047633 sp=0x00007f5536bf9b20 mode 0
Event: 6.566 Thread 0x00007f5548174800 DEOPT PACKING pc=0x00007f553938882c sp=0x00007f55367f6070
Event: 6.566 Thread 0x00007f5548174800 DEOPT UNPACKING pc=0x00007f5539047633 sp=0x00007f55367f5d70 mode 0
Event: 6.683 Thread 0x00007f5548174800 DEOPT PACKING pc=0x00007f553938882c sp=0x00007f55367f6170
Event: 6.683 Thread 0x00007f5548174800 DEOPT UNPACKING pc=0x00007f5539047633 sp=0x00007f55367f5e70 mode 0
Event: 6.723 Thread 0x00007f554816d800 DEOPT PACKING pc=0x00007f55394419a2 sp=0x00007f5536bf9fb0
Event: 6.723 Thread 0x00007f554816d800 DEOPT UNPACKING pc=0x00007f5539047633 sp=0x00007f5536bf9d10 mode 0
Event: 6.784 Executing VM operation: ParallelGCFailedAllocation


Dynamic libraries:
00400000-00401000 r-xp 00000000 08:01 270361                             /usr/lib/jvm/java-8-oracle/bin/java
00600000-00601000 rw-p 00000000 08:01 270361                             /usr/lib/jvm/java-8-oracle/bin/java
021e4000-02205000 rw-p 00000000 00:00 0                                  [heap]
c0000000-c4980000 rw-p 00000000 00:00 0 
c4980000-eab00000 ---p 00000000 00:00 0 
eab00000-f3180000 rw-p 00000000 00:00 0 
f5080000-100000000 ---p 00000000 00:00 0 
100000000-1000c0000 rw-p 00000000 00:00 0 
1000c0000-140000000 ---p 00000000 00:00 0 
7f54f8000000-7f54f8021000 rw-p 00000000 00:00 0 
7f54f8021000-7f54fc000000 ---p 00000000 00:00 0 
7f5500000000-7f5500021000 rw-p 00000000 00:00 0 
7f5500021000-7f5504000000 ---p 00000000 00:00 0 
7f5504000000-7f5504021000 rw-p 00000000 00:00 0 
7f5504021000-7f5508000000 ---p 00000000 00:00 0 
7f5508000000-7f5508021000 rw-p 00000000 00:00 0 
7f5508021000-7f550c000000 ---p 00000000 00:00 0 
7f550c000000-7f550c054000 rw-p 00000000 00:00 0 
7f550c054000-7f5510000000 ---p 00000000 00:00 0 
7f5510000000-7f5510779000 rw-p 00000000 00:00 0 
7f5510779000-7f5514000000 ---p 00000000 00:00 0 
7f5514000000-7f5514021000 rw-p 00000000 00:00 0 
7f5514021000-7f5518000000 ---p 00000000 00:00 0 
7f5518000000-7f5518021000 rw-p 00000000 00:00 0 
7f5518021000-7f551c000000 ---p 00000000 00:00 0 
7f551c000000-7f551c64b000 rw-p 00000000 00:00 0 
7f551c64b000-7f5520000000 ---p 00000000 00:00 0 
7f5520000000-7f5520021000 rw-p 00000000 00:00 0 
7f5520021000-7f5524000000 ---p 00000000 00:00 0 
7f5524000000-7f5524021000 rw-p 00000000 00:00 0 
7f5524021000-7f5528000000 ---p 00000000 00:00 0 
7f5528000000-7f5528021000 rw-p 00000000 00:00 0 
7f5528021000-7f552c000000 ---p 00000000 00:00 0 
7f552c000000-7f552c297000 rw-p 00000000 00:00 0 
7f552c297000-7f5530000000 ---p 00000000 00:00 0 
7f5530000000-7f5530021000 rw-p 00000000 00:00 0 
7f5530021000-7f5534000000 ---p 00000000 00:00 0 
7f55366f7000-7f55366fa000 ---p 00000000 00:00 0 
7f55366fa000-7f55367f8000 rw-p 00000000 00:00 0                          [stack:2498]
7f55367f8000-7f55367fb000 ---p 00000000 00:00 0 
7f55367fb000-7f55368f9000 rw-p 00000000 00:00 0                          [stack:2497]
7f55368f9000-7f55368fc000 ---p 00000000 00:00 0 
7f55368fc000-7f55369fa000 rw-p 00000000 00:00 0                          [stack:2496]
7f55369fa000-7f55369fd000 ---p 00000000 00:00 0 
7f55369fd000-7f5536afb000 rw-p 00000000 00:00 0                          [stack:2495]
7f5536afb000-7f5536afe000 ---p 00000000 00:00 0 
7f5536afe000-7f5536bfc000 rw-p 00000000 00:00 0                          [stack:2494]
7f5536bfc000-7f5536bfd000 ---p 00000000 00:00 0 
7f5536bfd000-7f5536cfd000 rw-p 00000000 00:00 0                          [stack:2493]
7f5536cfd000-7f5536d00000 ---p 00000000 00:00 0 
7f5536d00000-7f5536dfe000 rw-p 00000000 00:00 0                          [stack:2492]
7f5536dfe000-7f5536e01000 ---p 00000000 00:00 0 
7f5536e01000-7f5536eff000 rw-p 00000000 00:00 0                          [stack:2491]
7f5536eff000-7f5536f02000 ---p 00000000 00:00 0 
7f5536f02000-7f5539000000 rw-p 00000000 00:00 0                          [stack:2490]
7f5539000000-7f5539760000 rwxp 00000000 00:00 0 
7f5539760000-7f5548000000 ---p 00000000 00:00 0 
7f5548000000-7f55483a4000 rw-p 00000000 00:00 0 
7f55483a4000-7f554c000000 ---p 00000000 00:00 0 
7f554c001000-7f554c018000 r--s 00101000 08:01 1726251                    /home/user/workspace/Deadlineclub/android/app/build/intermediates/exploded-aar/com.android.support/support-v4/24.0.0/jars/classes.jar
7f554c018000-7f554c027000 r--s 000df000 08:01 1052648                    /usr/lib/android-sdk-linux/build-tools/23.0.1/lib/dx.jar
7f554c027000-7f554c02a000 ---p 00000000 00:00 0 
7f554c02a000-7f554c128000 rw-p 00000000 00:00 0                          [stack:2489]
7f554c128000-7f554c2b1000 r--p 00000000 08:01 24272                      /usr/lib/locale/locale-archive
7f554c2b1000-7f554c2b4000 ---p 00000000 00:00 0 
7f554c2b4000-7f554c3b2000 rw-p 00000000 00:00 0                          [stack:2487]
7f554c3b2000-7f554c3b5000 ---p 00000000 00:00 0 
7f554c3b5000-7f554c4b3000 rw-p 00000000 00:00 0                          [stack:2485]
7f554c4b3000-7f554c4b4000 ---p 00000000 00:00 0 
7f554c4b4000-7f554cf20000 rw-p 00000000 00:00 0                          [stack:2483]
7f554cf20000-7f554d0f9000 r--s 03d40000 08:01 270466                     /usr/lib/jvm/java-8-oracle/jre/lib/rt.jar
7f554d0f9000-7f554d7ef000 rw-p 00000000 00:00 0 
7f554d7ef000-7f554d96f000 ---p 00000000 00:00 0 
7f554d96f000-7f554db6f000 rw-p 00000000 00:00 0 
7f554db6f000-7f554db70000 ---p 00000000 00:00 0 
7f554db70000-7f554dc70000 rw-p 00000000 00:00 0                          [stack:2482]
7f554dc70000-7f554dc71000 ---p 00000000 00:00 0 
7f554dc71000-7f554dd96000 rw-p 00000000 00:00 0                          [stack:2481]
7f554dd96000-7f554dec7000 ---p 00000000 00:00 0 
7f554dec7000-7f554deec000 rw-p 00000000 00:00 0 
7f554deec000-7f554e01c000 ---p 00000000 00:00 0 
7f554e01c000-7f554e060000 rw-p 00000000 00:00 0 
7f554e060000-7f554e0c7000 ---p 00000000 00:00 0 
7f554e0c7000-7f554e0e6000 rw-p 00000000 00:00 0 
7f554e0e6000-7f554e488000 ---p 00000000 00:00 0 
7f554e488000-7f554e4a2000 r-xp 00000000 08:01 398914                     /usr/lib/jvm/java-8-oracle/jre/lib/amd64/libzip.so
7f554e4a2000-7f554e6a2000 ---p 0001a000 08:01 398914                     /usr/lib/jvm/java-8-oracle/jre/lib/amd64/libzip.so
7f554e6a2000-7f554e6a3000 rw-p 0001a000 08:01 398914                     /usr/lib/jvm/java-8-oracle/jre/lib/amd64/libzip.so
7f554e6a3000-7f554e6ad000 r-xp 00000000 08:01 58791                      /lib/x86_64-linux-gnu/libnss_files-2.19.so
7f554e6ad000-7f554e8ac000 ---p 0000a000 08:01 58791                      /lib/x86_64-linux-gnu/libnss_files-2.19.so
7f554e8ac000-7f554e8ad000 r--p 00009000 08:01 58791                      /lib/x86_64-linux-gnu/libnss_files-2.19.so
7f554e8ad000-7f554e8ae000 rw-p 0000a000 08:01 58791                      /lib/x86_64-linux-gnu/libnss_files-2.19.so
7f554e8ae000-7f554e8b9000 r-xp 00000000 08:01 59059                      /lib/x86_64-linux-gnu/libnss_nis-2.19.so
7f554e8b9000-7f554eab8000 ---p 0000b000 08:01 59059                      /lib/x86_64-linux-gnu/libnss_nis-2.19.so
7f554eab8000-7f554eab9000 r--p 0000a000 08:01 59059                      /lib/x86_64-linux-gnu/libnss_nis-2.19.so
7f554eab9000-7f554eaba000 rw-p 0000b000 08:01 59059                      /lib/x86_64-linux-gnu/libnss_nis-2.19.so
7f554eaba000-7f554ead1000 r-xp 00000000 08:01 58773                      /lib/x86_64-linux-gnu/libnsl-2.19.so
7f554ead1000-7f554ecd0000 ---p 00017000 08:01 58773                      /lib/x86_64-linux-gnu/libnsl-2.19.so
7f554ecd0000-7f554ecd1000 r--p 00016000 08:01 58773                      /lib/x86_64-linux-gnu/libnsl-2.19.so
7f554ecd1000-7f554ecd2000 rw-p 00017000 08:01 58773                      /lib/x86_64-linux-gnu/libnsl-2.19.so
7f554ecd2000-7f554ecd4000 rw-p 00000000 00:00 0 
7f554ecd4000-7f554ecdd000 r-xp 00000000 08:01 59053                      /lib/x86_64-linux-gnu/libnss_compat-2.19.so
7f554ecdd000-7f554eedc000 ---p 00009000 08:01 59053                      /lib/x86_64-linux-gnu/libnss_compat-2.19.so
7f554eedc000-7f554eedd000 r--p 00008000 08:01 59053                      /lib/x86_64-linux-gnu/libnss_compat-2.19.so
7f554eedd000-7f554eede000 rw-p 00009000 08:01 59053                      /lib/x86_64-linux-gnu/libnss_compat-2.19.so
7f554eede000-7f554ef09000 r-xp 00000000 08:01 398857                     /usr/lib/jvm/java-8-oracle/jre/lib/amd64/libjava.so
7f554ef09000-7f554f108000 ---p 0002b000 08:01 398857                     /usr/lib/jvm/java-8-oracle/jre/lib/amd64/libjava.so
7f554f108000-7f554f10a000 rw-p 0002a000 08:01 398857                     /usr/lib/jvm/java-8-oracle/jre/lib/amd64/libjava.so
7f554f10a000-7f554f117000 r-xp 00000000 08:01 398912                     /usr/lib/jvm/java-8-oracle/jre/lib/amd64/libverify.so
7f554f117000-7f554f316000 ---p 0000d000 08:01 398912                     /usr/lib/jvm/java-8-oracle/jre/lib/amd64/libverify.so
7f554f316000-7f554f318000 rw-p 0000c000 08:01 398912                     /usr/lib/jvm/java-8-oracle/jre/lib/amd64/libverify.so
7f554f318000-7f554f31f000 r-xp 00000000 08:01 58821                      /lib/x86_64-linux-gnu/librt-2.19.so
7f554f31f000-7f554f51e000 ---p 00007000 08:01 58821                      /lib/x86_64-linux-gnu/librt-2.19.so
7f554f51e000-7f554f51f000 r--p 00006000 08:01 58821                      /lib/x86_64-linux-gnu/librt-2.19.so
7f554f51f000-7f554f520000 rw-p 00007000 08:01 58821                      /lib/x86_64-linux-gnu/librt-2.19.so
7f554f520000-7f554f625000 r-xp 00000000 08:01 58796                      /lib/x86_64-linux-gnu/libm-2.19.so
7f554f625000-7f554f824000 ---p 00105000 08:01 58796                      /lib/x86_64-linux-gnu/libm-2.19.so
7f554f824000-7f554f825000 r--p 00104000 08:01 58796                      /lib/x86_64-linux-gnu/libm-2.19.so
7f554f825000-7f554f826000 rw-p 00105000 08:01 58796                      /lib/x86_64-linux-gnu/libm-2.19.so
7f554f826000-7f55504f5000 r-xp 00000000 08:01 398909                     /usr/lib/jvm/java-8-oracle/jre/lib/amd64/server/libjvm.so
7f55504f5000-7f55506f5000 ---p 00ccf000 08:01 398909                     /usr/lib/jvm/java-8-oracle/jre/lib/amd64/server/libjvm.so
7f55506f5000-7f55507ce000 rw-p 00ccf000 08:01 398909                     /usr/lib/jvm/java-8-oracle/jre/lib/amd64/server/libjvm.so
7f55507ce000-7f5550819000 rw-p 00000000 00:00 0 
7f5550819000-7f55509d7000 r-xp 00000000 08:01 58802                      /lib/x86_64-linux-gnu/libc-2.19.so
7f55509d7000-7f5550bd7000 ---p 001be000 08:01 58802                      /lib/x86_64-linux-gnu/libc-2.19.so
7f5550bd7000-7f5550bdb000 r--p 001be000 08:01 58802                      /lib/x86_64-linux-gnu/libc-2.19.so
7f5550bdb000-7f5550bdd000 rw-p 001c2000 08:01 58802                      /lib/x86_64-linux-gnu/libc-2.19.so
7f5550bdd000-7f5550be2000 rw-p 00000000 00:00 0 
7f5550be2000-7f5550be5000 r-xp 00000000 08:01 58820                      /lib/x86_64-linux-gnu/libdl-2.19.so
7f5550be5000-7f5550de4000 ---p 00003000 08:01 58820                      /lib/x86_64-linux-gnu/libdl-2.19.so
7f5550de4000-7f5550de5000 r--p 00002000 08:01 58820                      /lib/x86_64-linux-gnu/libdl-2.19.so
7f5550de5000-7f5550de6000 rw-p 00003000 08:01 58820                      /lib/x86_64-linux-gnu/libdl-2.19.so
7f5550de6000-7f5550dfb000 r-xp 00000000 08:01 398852                     /usr/lib/jvm/java-8-oracle/lib/amd64/jli/libjli.so
7f5550dfb000-7f5550ffb000 ---p 00015000 08:01 398852                     /usr/lib/jvm/java-8-oracle/lib/amd64/jli/libjli.so
7f5550ffb000-7f5550ffc000 rw-p 00015000 08:01 398852                     /usr/lib/jvm/java-8-oracle/lib/amd64/jli/libjli.so
7f5550ffc000-7f5551015000 r-xp 00000000 08:01 58807                      /lib/x86_64-linux-gnu/libpthread-2.19.so
7f5551015000-7f5551214000 ---p 00019000 08:01 58807                      /lib/x86_64-linux-gnu/libpthread-2.19.so
7f5551214000-7f5551215000 r--p 00018000 08:01 58807                      /lib/x86_64-linux-gnu/libpthread-2.19.so
7f5551215000-7f5551216000 rw-p 00019000 08:01 58807                      /lib/x86_64-linux-gnu/libpthread-2.19.so
7f5551216000-7f555121a000 rw-p 00000000 00:00 0 
7f555121a000-7f555123d000 r-xp 00000000 08:01 58864                      /lib/x86_64-linux-gnu/ld-2.19.so
7f555123e000-7f5551324000 rw-p 00000000 00:00 0 
7f5551324000-7f555132c000 rw-s 00000000 08:01 288514                     /tmp/hsperfdata_user/2478
7f555132c000-7f555132f000 ---p 00000000 00:00 0 
7f555132f000-7f5551431000 rw-p 00000000 00:00 0                          [stack:2480]
7f5551437000-7f5551439000 rw-p 00000000 00:00 0 
7f5551439000-7f555143a000 ---p 00000000 00:00 0 
7f555143a000-7f555143c000 rw-p 00000000 00:00 0 
7f555143c000-7f555143d000 r--p 00022000 08:01 58864                      /lib/x86_64-linux-gnu/ld-2.19.so
7f555143d000-7f555143e000 rw-p 00023000 08:01 58864                      /lib/x86_64-linux-gnu/ld-2.19.so
7f555143e000-7f555143f000 rw-p 00000000 00:00 0 
7ffdfe0d0000-7ffdfe0f2000 rw-p 00000000 00:00 0                          [stack]
7ffdfe1f3000-7ffdfe1f5000 r-xp 00000000 00:00 0                          [vdso]
ffffffffff600000-ffffffffff601000 r-xp 00000000 00:00 0                  [vsyscall]

VM Arguments:
jvm_args: -Djava.awt.headless=true -Xmx1024M -Dfile.encoding=UTF-8 -Duser.country=US -Duser.language=en -Duser.variant 
java_command: com.android.dx.command.Main --dex --num-threads=4 --output /home/user/workspace/Deadlineclub/android/app/build/intermediates/pre-dexed/debug/com.android.support-support-v4-24.0.0_501116ebfe75b17c0b687cf2305225fd43fc920c.jar /home/user/workspace/Deadlineclub/android/app/build/intermediates/exploded-aar/com.android.support/support-v4/24.0.0/jars/classes.jar
java_class_path (initial): /usr/lib/android-sdk-linux/build-tools/23.0.1/lib/dx.jar
Launcher Type: SUN_STANDARD

Environment Variables:
JAVA_HOME=/usr/lib/jvm/java-8-oracle
PATH=/home/user/.nvm/versions/node/v5.12.0/bin:/usr/local/bin:/usr/bin:/bin:/usr/local/games:/usr/games:/usr/lib/jvm/java-8-oracle/bin:/usr/lib/jvm/java-8-oracle/db/bin:/usr/lib/jvm/java-8-oracle/jre/bin:/usr/lib/jvm/java-8-oracle/bin:/usr/lib/jvm/java-8-oracle/db/bin:/usr/lib/jvm/java-8-oracle/jre/bin:/usr/lib/android-sdk-linux/tools:/usr/lib/android-sdk-linux/platform-tools:/usr/lib/gradle/bin
LD_LIBRARY_PATH=~/.c9/local/lib
SHELL=/bin/bash

Signal Handlers:
SIGSEGV: [libjvm.so+0xac8af0], sa_mask[0]=11111111011111111101111111111110, sa_flags=SA_RESTART|SA_SIGINFO
SIGBUS: [libjvm.so+0xac8af0], sa_mask[0]=11111111011111111101111111111110, sa_flags=SA_RESTART|SA_SIGINFO
SIGFPE: [libjvm.so+0x921dd0], sa_mask[0]=11111111011111111101111111111110, sa_flags=SA_RESTART|SA_SIGINFO
SIGPIPE: [libjvm.so+0x921dd0], sa_mask[0]=11111111011111111101111111111110, sa_flags=SA_RESTART|SA_SIGINFO
SIGXFSZ: [libjvm.so+0x921dd0], sa_mask[0]=11111111011111111101111111111110, sa_flags=SA_RESTART|SA_SIGINFO
SIGILL: [libjvm.so+0x921dd0], sa_mask[0]=11111111011111111101111111111110, sa_flags=SA_RESTART|SA_SIGINFO
SIGUSR1: SIG_DFL, sa_mask[0]=00000000000000000000000000000000, sa_flags=none
SIGUSR2: [libjvm.so+0x923610], sa_mask[0]=00100000000000000000000000000000, sa_flags=SA_RESTART|SA_SIGINFO
SIGHUP: [libjvm.so+0x924a10], sa_mask[0]=11111111011111111101111111111110, sa_flags=SA_RESTART|SA_SIGINFO
SIGINT: [libjvm.so+0x924a10], sa_mask[0]=11111111011111111101111111111110, sa_flags=SA_RESTART|SA_SIGINFO
SIGTERM: [libjvm.so+0x924a10], sa_mask[0]=11111111011111111101111111111110, sa_flags=SA_RESTART|SA_SIGINFO
SIGQUIT: [libjvm.so+0x924a10], sa_mask[0]=11111111011111111101111111111110, sa_flags=SA_RESTART|SA_SIGINFO


---------------  S Y S T E M  ---------------

OS:DISTRIB_ID=Ubuntu
DISTRIB_RELEASE=14.04
DISTRIB_CODENAME=trusty
DISTRIB_DESCRIPTION="Ubuntu 14.04.4 LTS"

uname:Linux 3.13.0-86-generic #131-Ubuntu SMP Thu May 12 23:33:13 UTC 2016 x86_64
libc:glibc 2.19 NPTL 2.19 
rlimit: STACK 8192k, CORE 0k, NPROC 15937, NOFILE 4096, AS infinity
load average:2.79 1.25 0.56

/proc/meminfo:
MemTotal:        2049860 kB
MemFree:           60220 kB
Buffers:            2136 kB
Cached:            23084 kB
SwapCached:            0 kB
Active:          1903192 kB
Inactive:          12900 kB
Active(anon):    1891140 kB
Inactive(anon):      256 kB
Active(file):      12052 kB
Inactive(file):    12644 kB
Unevictable:           0 kB
Mlocked:               0 kB
SwapTotal:             0 kB
SwapFree:              0 kB
Dirty:                56 kB
Writeback:             0 kB
AnonPages:       1891000 kB
Mapped:            16076 kB
Shmem:               360 kB
Slab:              37772 kB
SReclaimable:      25396 kB
SUnreclaim:        12376 kB
KernelStack:        2080 kB
PageTables:         9976 kB
NFS_Unstable:          0 kB
Bounce:                0 kB
WritebackTmp:          0 kB
CommitLimit:     1024928 kB
Committed_AS:    2741336 kB
VmallocTotal:   34359738367 kB
VmallocUsed:       26600 kB
VmallocChunk:   34359706616 kB
HardwareCorrupted:     0 kB
AnonHugePages:    505856 kB
HugePages_Total:       0
HugePages_Free:        0
HugePages_Rsvd:        0
HugePages_Surp:        0
Hugepagesize:       2048 kB
DirectMap4k:       36800 kB
DirectMap2M:     2060288 kB


CPU:total 2 (initial active 2) (2 cores per cpu, 1 threads per core) family 6 model 60 stepping 3, cmov, cx8, fxsr, mmx, sse, sse2, sse3, ssse3, sse4.1, sse4.2, popcnt, avx, aes, clmul, lzcnt, tsc, tscinvbit

/proc/cpuinfo:
processor	: 0
vendor_id	: GenuineIntel
cpu family	: 6
model		: 60
model name	: Intel(R) Core(TM) i5-4460  CPU @ 3.20GHz
stepping	: 3
cpu MHz		: 3192.614
cache size	: 6144 KB
physical id	: 0
siblings	: 2
core id		: 0
cpu cores	: 2
apicid		: 0
initial apicid	: 0
fpu		: yes
fpu_exception	: yes
cpuid level	: 13
wp		: yes
flags		: fpu vme de pse tsc msr pae mce cx8 apic sep mtrr pge mca cmov pat pse36 clflush mmx fxsr sse sse2 ht syscall nx rdtscp lm constant_tsc rep_good nopl xtopology nonstop_tsc pni pclmulqdq ssse3 cx16 sse4_1 sse4_2 movbe popcnt aes xsave avx rdrand hypervisor lahf_lm abm
bogomips	: 6385.22
clflush size	: 64
cache_alignment	: 64
address sizes	: 39 bits physical, 48 bits virtual
power management:

processor	: 1
vendor_id	: GenuineIntel
cpu family	: 6
model		: 60
model name	: Intel(R) Core(TM) i5-4460  CPU @ 3.20GHz
stepping	: 3
cpu MHz		: 3192.614
cache size	: 6144 KB
physical id	: 0
siblings	: 2
core id		: 1
cpu cores	: 2
apicid		: 1
initial apicid	: 1
fpu		: yes
fpu_exception	: yes
cpuid level	: 13
wp		: yes
flags		: fpu vme de pse tsc msr pae mce cx8 apic sep mtrr pge mca cmov pat pse36 clflush mmx fxsr sse sse2 ht syscall nx rdtscp lm constant_tsc rep_good nopl xtopology nonstop_tsc pni pclmulqdq ssse3 cx16 sse4_1 sse4_2 movbe popcnt aes xsave avx rdrand hypervisor lahf_lm abm
bogomips	: 6385.22
clflush size	: 64
cache_alignment	: 64
address sizes	: 39 bits physical, 48 bits virtual
power management:



Memory: 4k page, physical 2049860k(59920k free), swap 0k(0k free)

vm_info: Java HotSpot(TM) 64-Bit Server VM (25.131-b11) for linux-amd64 JRE (1.8.0_131-b11), built on Mar 15 2017 01:23:40 by "java_re" with gcc 4.3.0 20080428 (Red Hat 4.3.0-8)

time: Wed Aug 30 18:05:28 2017
elapsed time: 6 seconds (0d 0h 0m 6s)

