#
# There is insufficient memory for the Java Runtime Environment to continue.
# Native memory allocation (mmap) failed to map 85458944 bytes for committing reserved memory.
# Possible reasons:
#   The system is out of physical RAM or swap space
#   In 32 bit mode, the process size limit was hit
# Possible solutions:
#   Reduce memory load on the system
#   Increase physical memory or swap space
#   Check if swap backing store is full
#   Use 64 bit Java on a 64 bit OS
#   Decrease Java heap size (-Xmx/-Xms)
#   Decrease number of Java threads
#   Decrease Java thread stack sizes (-Xss)
#   Set larger code cache with -XX:ReservedCodeCacheSize=
# This output file may be truncated or incomplete.
#
#  Out of Memory Error (os_linux.cpp:2640), pid=2222, tid=0x00007fbd0e5fd700
#
# JRE version: Java(TM) SE Runtime Environment (8.0_131-b11) (build 1.8.0_131-b11)
# Java VM: Java HotSpot(TM) 64-Bit Server VM (25.131-b11 mixed mode linux-amd64 compressed oops)
# Failed to write core dump. Core dumps have been disabled. To enable core dumping, try "ulimit -c unlimited" before starting Java again
#

---------------  T H R E A D  ---------------

Current thread (0x00007fbd20076000):  VMThread [stack: 0x00007fbd0e4fd000,0x00007fbd0e5fe000] [id=2230]

Stack: [0x00007fbd0e4fd000,0x00007fbd0e5fe000],  sp=0x00007fbd0e5fc0e0,  free space=1020k
Native frames: (J=compiled Java code, j=interpreted, Vv=VM code, C=native code)
V  [libjvm.so+0xac826a]  VMError::report_and_die()+0x2ba
V  [libjvm.so+0x4fd4cb]  report_vm_out_of_memory(char const*, int, unsigned long, VMErrorType, char const*)+0x8b
V  [libjvm.so+0x924f53]  os::Linux::commit_memory_impl(char*, unsigned long, bool)+0x103
V  [libjvm.so+0x9254a9]  os::pd_commit_memory(char*, unsigned long, unsigned long, bool)+0x29
V  [libjvm.so+0x91f6ca]  os::commit_memory(char*, unsigned long, unsigned long, bool)+0x2a
V  [libjvm.so+0x9941e3]  PSVirtualSpace::expand_by(unsigned long)+0x53
V  [libjvm.so+0x9955e8]  PSYoungGen::resize_generation(unsigned long, unsigned long)+0xf8
V  [libjvm.so+0x994742]  PSYoungGen::resize(unsigned long, unsigned long)+0x22
V  [libjvm.so+0x991a1b]  PSScavenge::invoke_no_policy()+0xf3b
V  [libjvm.so+0x9921a1]  PSScavenge::invoke()+0x41
V  [libjvm.so+0x948f00]  ParallelScavengeHeap::failed_mem_allocate(unsigned long)+0x70
V  [libjvm.so+0xac9c87]  VM_ParallelGCFailedAllocation::doit()+0x97
V  [libjvm.so+0xad1765]  VM_Operation::evaluate()+0x55
V  [libjvm.so+0xacfb3a]  VMThread::evaluate_operation(VM_Operation*)+0xba
V  [libjvm.so+0xacfebe]  VMThread::loop()+0x1ce
V  [libjvm.so+0xad0330]  VMThread::run()+0x70
V  [libjvm.so+0x927568]  java_start(Thread*)+0x108

VM_Operation (0x00007fbd284810c0): ParallelGCFailedAllocation, mode: safepoint, requested by thread 0x00007fbd2000c000


---------------  P R O C E S S  ---------------

Java Threads: ( => current thread )
  0x00007fbd200bc000 JavaThread "Service Thread" daemon [_thread_blocked, id=2236, stack(0x00007fbd0dd6e000,0x00007fbd0de6f000)]
  0x00007fbd200b9800 JavaThread "C1 CompilerThread1" daemon [_thread_blocked, id=2235, stack(0x00007fbd0de6f000,0x00007fbd0df70000)]
  0x00007fbd200b6800 JavaThread "C2 CompilerThread0" daemon [_thread_blocked, id=2234, stack(0x00007fbd0df70000,0x00007fbd0e071000)]
  0x00007fbd200b5000 JavaThread "Signal Dispatcher" daemon [_thread_blocked, id=2233, stack(0x00007fbd0e071000,0x00007fbd0e172000)]
  0x00007fbd20082000 JavaThread "Finalizer" daemon [_thread_blocked, id=2232, stack(0x00007fbd0e2fb000,0x00007fbd0e3fc000)]
  0x00007fbd2007d800 JavaThread "Reference Handler" daemon [_thread_blocked, id=2231, stack(0x00007fbd0e3fc000,0x00007fbd0e4fd000)]
  0x00007fbd2000c000 JavaThread "main" [_thread_blocked, id=2227, stack(0x00007fbd28382000,0x00007fbd28483000)]

Other Threads:
=>0x00007fbd20076000 VMThread [stack: 0x00007fbd0e4fd000,0x00007fbd0e5fe000] [id=2230]
  0x00007fbd200bf000 WatcherThread [stack: 0x00007fbd0dc6d000,0x00007fbd0dd6e000] [id=2237]

VM state:at safepoint (normal execution)

VM Mutex/Monitor currently owned by a thread:  ([mutex/lock_event])
[0x00007fbd200086b0] Threads_lock - owner thread: 0x00007fbd20076000
[0x00007fbd20008bb0] Heap_lock - owner thread: 0x00007fbd2000c000

Heap:
 PSYoungGen      total 143360K, used 5116K [0x00000000eab00000, 0x00000000f3c00000, 0x0000000100000000)
  eden space 138240K, 0% used [0x00000000eab00000,0x00000000eab00000,0x00000000f3200000)
  from space 5120K, 99% used [0x00000000f3200000,0x00000000f36ff3e8,0x00000000f3700000)
  to   space 5120K, 0% used [0x00000000f3700000,0x00000000f3700000,0x00000000f3c00000)
 ParOldGen       total 30208K, used 25522K [0x00000000c0000000, 0x00000000c1d80000, 0x00000000eab00000)
  object space 30208K, 84% used [0x00000000c0000000,0x00000000c18ec920,0x00000000c1d80000)
 Metaspace       used 5050K, capacity 5502K, committed 5760K, reserved 1056768K
  class space    used 531K, capacity 561K, committed 640K, reserved 1048576K

Card table byte_map: [0x00007fbd24f1d000,0x00007fbd2511e000] byte_map_base: 0x00007fbd2491d000

Marking Bits: (ParMarkBitMap*) 0x00007fbd27841f60
 Begin Bits: [0x00007fbd0f000000, 0x00007fbd10000000)
 End Bits:   [0x00007fbd10000000, 0x00007fbd11000000)

Polling page: 0x00007fbd2848f000

CodeCache: size=245760Kb used=3681Kb max_used=3699Kb free=242078Kb
 bounds [0x00007fbd11000000, 0x00007fbd113b0000, 0x00007fbd20000000]
 total_blobs=1353 nmethods=1067 adapters=199
 compilation: enabled

Compilation events (10 events):
Event: 3.528 Thread 0x00007fbd200b9800 1098       3       com.android.dx.merge.DexMerger$IdMerger::readUnsortedValues (101 bytes)
Event: 3.529 Thread 0x00007fbd200b9800 nmethod 1098 0x00007fbd1138ce90 code [0x00007fbd1138d0e0, 0x00007fbd1138e008]
Event: 3.740 Thread 0x00007fbd200b6800 nmethod 1093% 0x00007fbd113920d0 code [0x00007fbd113922e0, 0x00007fbd11392ef0]
Event: 3.740 Thread 0x00007fbd200b6800 1100       4       com.android.dx.merge.DexMerger::transformAnnotationSet (82 bytes)
Event: 3.747 Thread 0x00007fbd200b9800 1104 %     3       java.util.TimSort::gallopRight @ 147 (335 bytes)
Event: 3.748 Thread 0x00007fbd200b9800 nmethod 1104% 0x00007fbd11390b50 code [0x00007fbd11390d60, 0x00007fbd11391ab8]
Event: 3.748 Thread 0x00007fbd200b9800 1105       3       java.util.TimSort::gallopRight (335 bytes)
Event: 3.748 Thread 0x00007fbd200b9800 nmethod 1105 0x00007fbd1138bcd0 code [0x00007fbd1138bee0, 0x00007fbd1138c9b8]
Event: 3.765 Thread 0x00007fbd200b6800 nmethod 1100 0x00007fbd11396310 code [0x00007fbd113965a0, 0x00007fbd113976c8]
Event: 3.765 Thread 0x00007fbd200b6800 1097       4       com.android.dx.merge.IndexMap$EncodedValueTransformer::transformAnnotation (68 bytes)

GC Heap History (10 events):
Event: 1.072 GC heap after
Heap after GC invocations=5 (full 0):
 PSYoungGen      total 35840K, used 1021K [0x00000000eab00000, 0x00000000ef800000, 0x0000000100000000)
  eden space 34816K, 0% used [0x00000000eab00000,0x00000000eab00000,0x00000000ecd00000)
  from space 1024K, 99% used [0x00000000ecd00000,0x00000000ecdff540,0x00000000ece00000)
  to   space 4608K, 0% used [0x00000000ef380000,0x00000000ef380000,0x00000000ef800000)
 ParOldGen       total 22016K, used 9288K [0x00000000c0000000, 0x00000000c1580000, 0x00000000eab00000)
  object space 22016K, 42% used [0x00000000c0000000,0x00000000c0912318,0x00000000c1580000)
 Metaspace       used 5009K, capacity 5502K, committed 5760K, reserved 1056768K
  class space    used 531K, capacity 561K, committed 640K, reserved 1048576K
}
Event: 1.243 GC heap before
{Heap before GC invocations=6 (full 0):
 PSYoungGen      total 35840K, used 34669K [0x00000000eab00000, 0x00000000ef800000, 0x0000000100000000)
  eden space 34816K, 96% used [0x00000000eab00000,0x00000000ecbdc108,0x00000000ecd00000)
  from space 1024K, 99% used [0x00000000ecd00000,0x00000000ecdff540,0x00000000ece00000)
  to   space 4608K, 0% used [0x00000000ef380000,0x00000000ef380000,0x00000000ef800000)
 ParOldGen       total 22016K, used 9288K [0x00000000c0000000, 0x00000000c1580000, 0x00000000eab00000)
  object space 22016K, 42% used [0x00000000c0000000,0x00000000c0912318,0x00000000c1580000)
 Metaspace       used 5022K, capacity 5502K, committed 5760K, reserved 1056768K
  class space    used 531K, capacity 561K, committed 640K, reserved 1048576K
Event: 1.263 GC heap after
Heap after GC invocations=6 (full 0):
 PSYoungGen      total 73728K, used 3675K [0x00000000eab00000, 0x00000000ef900000, 0x0000000100000000)
  eden space 69120K, 0% used [0x00000000eab00000,0x00000000eab00000,0x00000000eee80000)
  from space 4608K, 79% used [0x00000000ef380000,0x00000000ef716d68,0x00000000ef800000)
  to   space 5120K, 0% used [0x00000000eee80000,0x00000000eee80000,0x00000000ef380000)
 ParOldGen       total 22016K, used 9288K [0x00000000c0000000, 0x00000000c1580000, 0x00000000eab00000)
  object space 22016K, 42% used [0x00000000c0000000,0x00000000c0912318,0x00000000c1580000)
 Metaspace       used 5022K, capacity 5502K, committed 5760K, reserved 1056768K
  class space    used 531K, capacity 561K, committed 640K, reserved 1048576K
}
Event: 1.703 GC heap before
{Heap before GC invocations=7 (full 0):
 PSYoungGen      total 73728K, used 72795K [0x00000000eab00000, 0x00000000ef900000, 0x0000000100000000)
  eden space 69120K, 100% used [0x00000000eab00000,0x00000000eee80000,0x00000000eee80000)
  from space 4608K, 79% used [0x00000000ef380000,0x00000000ef716d68,0x00000000ef800000)
  to   space 5120K, 0% used [0x00000000eee80000,0x00000000eee80000,0x00000000ef380000)
 ParOldGen       total 22016K, used 9288K [0x00000000c0000000, 0x00000000c1580000, 0x00000000eab00000)
  object space 22016K, 42% used [0x00000000c0000000,0x00000000c0912318,0x00000000c1580000)
 Metaspace       used 5038K, capacity 5502K, committed 5760K, reserved 1056768K
  class space    used 531K, capacity 561K, committed 640K, reserved 1048576K
Event: 1.925 GC heap after
Heap after GC invocations=7 (full 0):
 PSYoungGen      total 74240K, used 3385K [0x00000000eab00000, 0x00000000f3c00000, 0x0000000100000000)
  eden space 69120K, 0% used [0x00000000eab00000,0x00000000eab00000,0x00000000eee80000)
  from space 5120K, 66% used [0x00000000eee80000,0x00000000ef1ce400,0x00000000ef380000)
  to   space 5120K, 0% used [0x00000000f3700000,0x00000000f3700000,0x00000000f3c00000)
 ParOldGen       total 22016K, used 11451K [0x00000000c0000000, 0x00000000c1580000, 0x00000000eab00000)
  object space 22016K, 52% used [0x00000000c0000000,0x00000000c0b2eec8,0x00000000c1580000)
 Metaspace       used 5038K, capacity 5502K, committed 5760K, reserved 1056768K
  class space    used 531K, capacity 561K, committed 640K, reserved 1048576K
}
Event: 2.126 GC heap before
{Heap before GC invocations=8 (full 0):
 PSYoungGen      total 74240K, used 72420K [0x00000000eab00000, 0x00000000f3c00000, 0x0000000100000000)
  eden space 69120K, 99% used [0x00000000eab00000,0x00000000eee6ade8,0x00000000eee80000)
  from space 5120K, 66% used [0x00000000eee80000,0x00000000ef1ce400,0x00000000ef380000)
  to   space 5120K, 0% used [0x00000000f3700000,0x00000000f3700000,0x00000000f3c00000)
 ParOldGen       total 22016K, used 11451K [0x00000000c0000000, 0x00000000c1580000, 0x00000000eab00000)
  object space 22016K, 52% used [0x00000000c0000000,0x00000000c0b2eec8,0x00000000c1580000)
 Metaspace       used 5042K, capacity 5502K, committed 5760K, reserved 1056768K
  class space    used 531K, capacity 561K, committed 640K, reserved 1048576K
Event: 2.333 GC heap after
Heap after GC invocations=8 (full 0):
 PSYoungGen      total 143360K, used 3832K [0x00000000eab00000, 0x00000000f3c00000, 0x0000000100000000)
  eden space 138240K, 0% used [0x00000000eab00000,0x00000000eab00000,0x00000000f3200000)
  from space 5120K, 74% used [0x00000000f3700000,0x00000000f3abe1e0,0x00000000f3c00000)
  to   space 5120K, 0% used [0x00000000f3200000,0x00000000f3200000,0x00000000f3700000)
 ParOldGen       total 22016K, used 19601K [0x00000000c0000000, 0x00000000c1580000, 0x00000000eab00000)
  object space 22016K, 89% used [0x00000000c0000000,0x00000000c13247f8,0x00000000c1580000)
 Metaspace       used 5042K, capacity 5502K, committed 5760K, reserved 1056768K
  class space    used 531K, capacity 561K, committed 640K, reserved 1048576K
}
Event: 2.333 GC heap before
{Heap before GC invocations=9 (full 1):
 PSYoungGen      total 143360K, used 3832K [0x00000000eab00000, 0x00000000f3c00000, 0x0000000100000000)
  eden space 138240K, 0% used [0x00000000eab00000,0x00000000eab00000,0x00000000f3200000)
  from space 5120K, 74% used [0x00000000f3700000,0x00000000f3abe1e0,0x00000000f3c00000)
  to   space 5120K, 0% used [0x00000000f3200000,0x00000000f3200000,0x00000000f3700000)
 ParOldGen       total 22016K, used 19601K [0x00000000c0000000, 0x00000000c1580000, 0x00000000eab00000)
  object space 22016K, 89% used [0x00000000c0000000,0x00000000c13247f8,0x00000000c1580000)
 Metaspace       used 5042K, capacity 5502K, committed 5760K, reserved 1056768K
  class space    used 531K, capacity 561K, committed 640K, reserved 1048576K
Event: 2.386 GC heap after
Heap after GC invocations=9 (full 1):
 PSYoungGen      total 143360K, used 0K [0x00000000eab00000, 0x00000000f3c00000, 0x0000000100000000)
  eden space 138240K, 0% used [0x00000000eab00000,0x00000000eab00000,0x00000000f3200000)
  from space 5120K, 0% used [0x00000000f3700000,0x00000000f3700000,0x00000000f3c00000)
  to   space 5120K, 0% used [0x00000000f3200000,0x00000000f3200000,0x00000000f3700000)
 ParOldGen       total 30208K, used 14657K [0x00000000c0000000, 0x00000000c1d80000, 0x00000000eab00000)
  object space 30208K, 48% used [0x00000000c0000000,0x00000000c0e50518,0x00000000c1d80000)
 Metaspace       used 5042K, capacity 5502K, committed 5760K, reserved 1056768K
  class space    used 531K, capacity 561K, committed 640K, reserved 1048576K
}
Event: 4.197 GC heap before
{Heap before GC invocations=10 (full 1):
 PSYoungGen      total 143360K, used 138240K [0x00000000eab00000, 0x00000000f3c00000, 0x0000000100000000)
  eden space 138240K, 100% used [0x00000000eab00000,0x00000000f3200000,0x00000000f3200000)
  from space 5120K, 0% used [0x00000000f3700000,0x00000000f3700000,0x00000000f3c00000)
  to   space 5120K, 0% used [0x00000000f3200000,0x00000000f3200000,0x00000000f3700000)
 ParOldGen       total 30208K, used 14657K [0x00000000c0000000, 0x00000000c1d80000, 0x00000000eab00000)
  object space 30208K, 48% used [0x00000000c0000000,0x00000000c0e50518,0x00000000c1d80000)
 Metaspace       used 5050K, capacity 5502K, committed 5760K, reserved 1056768K
  class space    used 531K, capacity 561K, committed 640K, reserved 1048576K

Deoptimization events (8 events):
Event: 0.359 Thread 0x00007fbd2000c000 Uncommon trap: reason=unstable_if action=reinterpret pc=0x00007fbd11174c44 method=java.lang.String.indexOf(II)I @ 49
Event: 0.537 Thread 0x00007fbd2000c000 Uncommon trap: reason=unstable_if action=reinterpret pc=0x00007fbd111f2fac method=com.android.dex.Mutf8.decode(Lcom/android/dex/util/ByteInput;[C)Ljava/lang/String; @ 37
Event: 0.537 Thread 0x00007fbd2000c000 Uncommon trap: reason=unstable_if action=reinterpret pc=0x00007fbd11208324 method=com.android.dex.Mutf8.countBytes(Ljava/lang/String;Z)J @ 35
Event: 0.537 Thread 0x00007fbd2000c000 Uncommon trap: reason=unstable_if action=reinterpret pc=0x00007fbd11208a04 method=com.android.dex.Mutf8.encode([BILjava/lang/String;)V @ 31
Event: 0.583 Thread 0x00007fbd2000c000 Uncommon trap: reason=predicate action=maybe_recompile pc=0x00007fbd11242f48 method=com.android.dex.Leb128.readUnsignedLeb128(Lcom/android/dex/util/ByteInput;)I @ 41
Event: 2.040 Thread 0x00007fbd2000c000 Uncommon trap: reason=unstable_if action=reinterpret pc=0x00007fbd1129c434 method=com.android.dex.Mutf8.countBytes(Ljava/lang/String;Z)J @ 28
Event: 2.040 Thread 0x00007fbd2000c000 Uncommon trap: reason=unstable_if action=reinterpret pc=0x00007fbd1126ab00 method=com.android.dex.Mutf8.encode([BILjava/lang/String;)V @ 24
Event: 2.040 Thread 0x00007fbd2000c000 Uncommon trap: reason=unstable_if action=reinterpret pc=0x00007fbd1126be88 method=com.android.dex.Mutf8.countBytes(Ljava/lang/String;Z)J @ 28

Internal exceptions (2 events):
Event: 0.020 Thread 0x00007fbd2000c000 Exception <a 'java/lang/NoSuchMethodError': Method sun.misc.Unsafe.defineClass(Ljava/lang/String;[BII)Ljava/lang/Class; name or signature does not match> (0x00000000eab07ca8) thrown at [/HUDSON/workspace/8-2-build-linux-amd64/jdk8u131/8869/hotspot/src/sha
Event: 0.020 Thread 0x00007fbd2000c000 Exception <a 'java/lang/NoSuchMethodError': Method sun.misc.Unsafe.prefetchRead(Ljava/lang/Object;J)V name or signature does not match> (0x00000000eab07f90) thrown at [/HUDSON/workspace/8-2-build-linux-amd64/jdk8u131/8869/hotspot/src/share/vm/prims/jni.cp

Events (10 events):
Event: 2.487 loading class com/android/dex/Dex$1 done
Event: 3.527 Thread 0x00007fbd2000c000 DEOPT PACKING pc=0x00007fbd113232a0 sp=0x00007fbd28481420
Event: 3.527 Thread 0x00007fbd2000c000 DEOPT UNPACKING pc=0x00007fbd11047633 sp=0x00007fbd28481210 mode 0
Event: 3.529 Thread 0x00007fbd2000c000 DEOPT PACKING pc=0x00007fbd111f4ac1 sp=0x00007fbd28481300
Event: 3.529 Thread 0x00007fbd2000c000 DEOPT UNPACKING pc=0x00007fbd11047633 sp=0x00007fbd28481008 mode 0
Event: 3.748 Thread 0x00007fbd2000c000 DEOPT PACKING pc=0x00007fbd1128e2af sp=0x00007fbd28481230
Event: 3.748 Thread 0x00007fbd2000c000 DEOPT UNPACKING pc=0x00007fbd11047633 sp=0x00007fbd28480f88 mode 0
Event: 4.093 Executing VM operation: EnableBiasedLocking
Event: 4.196 Executing VM operation: EnableBiasedLocking done
Event: 4.197 Executing VM operation: ParallelGCFailedAllocation


Dynamic libraries:
00400000-00401000 r-xp 00000000 08:01 270361                             /usr/lib/jvm/java-8-oracle/bin/java
00600000-00601000 rw-p 00000000 08:01 270361                             /usr/lib/jvm/java-8-oracle/bin/java
018fc000-0191d000 rw-p 00000000 00:00 0                                  [heap]
c0000000-c1d80000 rw-p 00000000 00:00 0 
c1d80000-eab00000 ---p 00000000 00:00 0 
eab00000-f3c00000 rw-p 00000000 00:00 0 
f8d80000-100000000 ---p 00000000 00:00 0 
100000000-1000a0000 rw-p 00000000 00:00 0 
1000a0000-140000000 ---p 00000000 00:00 0 
7fbce0000000-7fbce0021000 rw-p 00000000 00:00 0 
7fbce0021000-7fbce4000000 ---p 00000000 00:00 0 
7fbce8000000-7fbce85bb000 rw-p 00000000 00:00 0 
7fbce85bb000-7fbcec000000 ---p 00000000 00:00 0 
7fbcec000000-7fbcec021000 rw-p 00000000 00:00 0 
7fbcec021000-7fbcf0000000 ---p 00000000 00:00 0 
7fbcf0000000-7fbcf0021000 rw-p 00000000 00:00 0 
7fbcf0021000-7fbcf4000000 ---p 00000000 00:00 0 
7fbcf4000000-7fbcf4dfa000 rw-p 00000000 00:00 0 
7fbcf4dfa000-7fbcf8000000 ---p 00000000 00:00 0 
7fbcf8000000-7fbcf8021000 rw-p 00000000 00:00 0 
7fbcf8021000-7fbcfc000000 ---p 00000000 00:00 0 
7fbcfc000000-7fbcfc021000 rw-p 00000000 00:00 0 
7fbcfc021000-7fbd00000000 ---p 00000000 00:00 0 
7fbd00000000-7fbd00021000 rw-p 00000000 00:00 0 
7fbd00021000-7fbd04000000 ---p 00000000 00:00 0 
7fbd04000000-7fbd04297000 rw-p 00000000 00:00 0 
7fbd04297000-7fbd08000000 ---p 00000000 00:00 0 
7fbd08000000-7fbd08021000 rw-p 00000000 00:00 0 
7fbd08021000-7fbd0c000000 ---p 00000000 00:00 0 
7fbd0dc5e000-7fbd0dc6d000 r--s 000df000 08:01 1052648                    /usr/lib/android-sdk-linux/build-tools/23.0.1/lib/dx.jar
7fbd0dc6d000-7fbd0dc6e000 ---p 00000000 00:00 0 
7fbd0dc6e000-7fbd0dd6e000 rw-p 00000000 00:00 0                          [stack:2237]
7fbd0dd6e000-7fbd0dd71000 ---p 00000000 00:00 0 
7fbd0dd71000-7fbd0de6f000 rw-p 00000000 00:00 0                          [stack:2236]
7fbd0de6f000-7fbd0de72000 ---p 00000000 00:00 0 
7fbd0de72000-7fbd0df70000 rw-p 00000000 00:00 0                          [stack:2235]
7fbd0df70000-7fbd0df73000 ---p 00000000 00:00 0 
7fbd0df73000-7fbd0e071000 rw-p 00000000 00:00 0                          [stack:2234]
7fbd0e071000-7fbd0e074000 ---p 00000000 00:00 0 
7fbd0e074000-7fbd0e172000 rw-p 00000000 00:00 0                          [stack:2233]
7fbd0e172000-7fbd0e2fb000 r--p 00000000 08:01 24272                      /usr/lib/locale/locale-archive
7fbd0e2fb000-7fbd0e2fe000 ---p 00000000 00:00 0 
7fbd0e2fe000-7fbd0e3fc000 rw-p 00000000 00:00 0                          [stack:2232]
7fbd0e3fc000-7fbd0e3ff000 ---p 00000000 00:00 0 
7fbd0e3ff000-7fbd0e4fd000 rw-p 00000000 00:00 0                          [stack:2231]
7fbd0e4fd000-7fbd0e4fe000 ---p 00000000 00:00 0 
7fbd0e4fe000-7fbd0ee27000 rw-p 00000000 00:00 0                          [stack:2230]
7fbd0ee27000-7fbd0f000000 r--s 03d40000 08:01 270466                     /usr/lib/jvm/java-8-oracle/jre/lib/rt.jar
7fbd0f000000-7fbd11000000 rw-p 00000000 00:00 0 
7fbd11000000-7fbd113b0000 rwxp 00000000 00:00 0 
7fbd113b0000-7fbd20000000 ---p 00000000 00:00 0 
7fbd20000000-7fbd2038e000 rw-p 00000000 00:00 0 
7fbd2038e000-7fbd24000000 ---p 00000000 00:00 0 
7fbd2400c000-7fbd246c5000 rw-p 00000000 00:00 0 
7fbd246c5000-7fbd249c5000 ---p 00000000 00:00 0 
7fbd249c5000-7fbd24bc5000 rw-p 00000000 00:00 0 
7fbd24bc5000-7fbd24bc6000 ---p 00000000 00:00 0 
7fbd24bc6000-7fbd24cc6000 rw-p 00000000 00:00 0                          [stack:2229]
7fbd24cc6000-7fbd24cc7000 ---p 00000000 00:00 0 
7fbd24cc7000-7fbd24dd6000 rw-p 00000000 00:00 0                          [stack:2228]
7fbd24dd6000-7fbd24f1d000 ---p 00000000 00:00 0 
7fbd24f1d000-7fbd24f2c000 rw-p 00000000 00:00 0 
7fbd24f2c000-7fbd25072000 ---p 00000000 00:00 0 
7fbd25072000-7fbd250bb000 rw-p 00000000 00:00 0 
7fbd250bb000-7fbd2511d000 ---p 00000000 00:00 0 
7fbd2511d000-7fbd2512d000 rw-p 00000000 00:00 0 
7fbd2512d000-7fbd254de000 ---p 00000000 00:00 0 
7fbd254de000-7fbd254f8000 r-xp 00000000 08:01 398914                     /usr/lib/jvm/java-8-oracle/jre/lib/amd64/libzip.so
7fbd254f8000-7fbd256f8000 ---p 0001a000 08:01 398914                     /usr/lib/jvm/java-8-oracle/jre/lib/amd64/libzip.so
7fbd256f8000-7fbd256f9000 rw-p 0001a000 08:01 398914                     /usr/lib/jvm/java-8-oracle/jre/lib/amd64/libzip.so
7fbd256f9000-7fbd25703000 r-xp 00000000 08:01 58791                      /lib/x86_64-linux-gnu/libnss_files-2.19.so
7fbd25703000-7fbd25902000 ---p 0000a000 08:01 58791                      /lib/x86_64-linux-gnu/libnss_files-2.19.so
7fbd25902000-7fbd25903000 r--p 00009000 08:01 58791                      /lib/x86_64-linux-gnu/libnss_files-2.19.so
7fbd25903000-7fbd25904000 rw-p 0000a000 08:01 58791                      /lib/x86_64-linux-gnu/libnss_files-2.19.so
7fbd25904000-7fbd2590f000 r-xp 00000000 08:01 59059                      /lib/x86_64-linux-gnu/libnss_nis-2.19.so
7fbd2590f000-7fbd25b0e000 ---p 0000b000 08:01 59059                      /lib/x86_64-linux-gnu/libnss_nis-2.19.so
7fbd25b0e000-7fbd25b0f000 r--p 0000a000 08:01 59059                      /lib/x86_64-linux-gnu/libnss_nis-2.19.so
7fbd25b0f000-7fbd25b10000 rw-p 0000b000 08:01 59059                      /lib/x86_64-linux-gnu/libnss_nis-2.19.so
7fbd25b10000-7fbd25b27000 r-xp 00000000 08:01 58773                      /lib/x86_64-linux-gnu/libnsl-2.19.so
7fbd25b27000-7fbd25d26000 ---p 00017000 08:01 58773                      /lib/x86_64-linux-gnu/libnsl-2.19.so
7fbd25d26000-7fbd25d27000 r--p 00016000 08:01 58773                      /lib/x86_64-linux-gnu/libnsl-2.19.so
7fbd25d27000-7fbd25d28000 rw-p 00017000 08:01 58773                      /lib/x86_64-linux-gnu/libnsl-2.19.so
7fbd25d28000-7fbd25d2a000 rw-p 00000000 00:00 0 
7fbd25d2a000-7fbd25d33000 r-xp 00000000 08:01 59053                      /lib/x86_64-linux-gnu/libnss_compat-2.19.so
7fbd25d33000-7fbd25f32000 ---p 00009000 08:01 59053                      /lib/x86_64-linux-gnu/libnss_compat-2.19.so
7fbd25f32000-7fbd25f33000 r--p 00008000 08:01 59053                      /lib/x86_64-linux-gnu/libnss_compat-2.19.so
7fbd25f33000-7fbd25f34000 rw-p 00009000 08:01 59053                      /lib/x86_64-linux-gnu/libnss_compat-2.19.so
7fbd25f34000-7fbd25f5f000 r-xp 00000000 08:01 398857                     /usr/lib/jvm/java-8-oracle/jre/lib/amd64/libjava.so
7fbd25f5f000-7fbd2615e000 ---p 0002b000 08:01 398857                     /usr/lib/jvm/java-8-oracle/jre/lib/amd64/libjava.so
7fbd2615e000-7fbd26160000 rw-p 0002a000 08:01 398857                     /usr/lib/jvm/java-8-oracle/jre/lib/amd64/libjava.so
7fbd26160000-7fbd2616d000 r-xp 00000000 08:01 398912                     /usr/lib/jvm/java-8-oracle/jre/lib/amd64/libverify.so
7fbd2616d000-7fbd2636c000 ---p 0000d000 08:01 398912                     /usr/lib/jvm/java-8-oracle/jre/lib/amd64/libverify.so
7fbd2636c000-7fbd2636e000 rw-p 0000c000 08:01 398912                     /usr/lib/jvm/java-8-oracle/jre/lib/amd64/libverify.so
7fbd2636e000-7fbd26375000 r-xp 00000000 08:01 58821                      /lib/x86_64-linux-gnu/librt-2.19.so
7fbd26375000-7fbd26574000 ---p 00007000 08:01 58821                      /lib/x86_64-linux-gnu/librt-2.19.so
7fbd26574000-7fbd26575000 r--p 00006000 08:01 58821                      /lib/x86_64-linux-gnu/librt-2.19.so
7fbd26575000-7fbd26576000 rw-p 00007000 08:01 58821                      /lib/x86_64-linux-gnu/librt-2.19.so
7fbd26576000-7fbd2667b000 r-xp 00000000 08:01 58796                      /lib/x86_64-linux-gnu/libm-2.19.so
7fbd2667b000-7fbd2687a000 ---p 00105000 08:01 58796                      /lib/x86_64-linux-gnu/libm-2.19.so
7fbd2687a000-7fbd2687b000 r--p 00104000 08:01 58796                      /lib/x86_64-linux-gnu/libm-2.19.so
7fbd2687b000-7fbd2687c000 rw-p 00105000 08:01 58796                      /lib/x86_64-linux-gnu/libm-2.19.so
7fbd2687c000-7fbd2754b000 r-xp 00000000 08:01 398909                     /usr/lib/jvm/java-8-oracle/jre/lib/amd64/server/libjvm.so
7fbd2754b000-7fbd2774b000 ---p 00ccf000 08:01 398909                     /usr/lib/jvm/java-8-oracle/jre/lib/amd64/server/libjvm.so
7fbd2774b000-7fbd27824000 rw-p 00ccf000 08:01 398909                     /usr/lib/jvm/java-8-oracle/jre/lib/amd64/server/libjvm.so
7fbd27824000-7fbd2786f000 rw-p 00000000 00:00 0 
7fbd2786f000-7fbd27a2d000 r-xp 00000000 08:01 58802                      /lib/x86_64-linux-gnu/libc-2.19.so
7fbd27a2d000-7fbd27c2d000 ---p 001be000 08:01 58802                      /lib/x86_64-linux-gnu/libc-2.19.so
7fbd27c2d000-7fbd27c31000 r--p 001be000 08:01 58802                      /lib/x86_64-linux-gnu/libc-2.19.so
7fbd27c31000-7fbd27c33000 rw-p 001c2000 08:01 58802                      /lib/x86_64-linux-gnu/libc-2.19.so
7fbd27c33000-7fbd27c38000 rw-p 00000000 00:00 0 
7fbd27c38000-7fbd27c3b000 r-xp 00000000 08:01 58820                      /lib/x86_64-linux-gnu/libdl-2.19.so
7fbd27c3b000-7fbd27e3a000 ---p 00003000 08:01 58820                      /lib/x86_64-linux-gnu/libdl-2.19.so
7fbd27e3a000-7fbd27e3b000 r--p 00002000 08:01 58820                      /lib/x86_64-linux-gnu/libdl-2.19.so
7fbd27e3b000-7fbd27e3c000 rw-p 00003000 08:01 58820                      /lib/x86_64-linux-gnu/libdl-2.19.so
7fbd27e3c000-7fbd27e51000 r-xp 00000000 08:01 398852                     /usr/lib/jvm/java-8-oracle/lib/amd64/jli/libjli.so
7fbd27e51000-7fbd28051000 ---p 00015000 08:01 398852                     /usr/lib/jvm/java-8-oracle/lib/amd64/jli/libjli.so
7fbd28051000-7fbd28052000 rw-p 00015000 08:01 398852                     /usr/lib/jvm/java-8-oracle/lib/amd64/jli/libjli.so
7fbd28052000-7fbd2806b000 r-xp 00000000 08:01 58807                      /lib/x86_64-linux-gnu/libpthread-2.19.so
7fbd2806b000-7fbd2826a000 ---p 00019000 08:01 58807                      /lib/x86_64-linux-gnu/libpthread-2.19.so
7fbd2826a000-7fbd2826b000 r--p 00018000 08:01 58807                      /lib/x86_64-linux-gnu/libpthread-2.19.so
7fbd2826b000-7fbd2826c000 rw-p 00019000 08:01 58807                      /lib/x86_64-linux-gnu/libpthread-2.19.so
7fbd2826c000-7fbd28270000 rw-p 00000000 00:00 0 
7fbd28270000-7fbd28293000 r-xp 00000000 08:01 58864                      /lib/x86_64-linux-gnu/ld-2.19.so
7fbd28294000-7fbd2837a000 rw-p 00000000 00:00 0 
7fbd2837a000-7fbd28382000 rw-s 00000000 08:01 288274                     /tmp/hsperfdata_user/2222
7fbd28382000-7fbd28385000 ---p 00000000 00:00 0 
7fbd28385000-7fbd28487000 rw-p 00000000 00:00 0                          [stack:2227]
7fbd28488000-7fbd28489000 rw-p 00000000 00:00 0 
7fbd28489000-7fbd2848e000 r--s 0009a000 08:01 270407                     /usr/lib/jvm/java-8-oracle/jre/lib/jsse.jar
7fbd2848e000-7fbd2848f000 rw-p 00000000 00:00 0 
7fbd2848f000-7fbd28490000 ---p 00000000 00:00 0 
7fbd28490000-7fbd28492000 rw-p 00000000 00:00 0 
7fbd28492000-7fbd28493000 r--p 00022000 08:01 58864                      /lib/x86_64-linux-gnu/ld-2.19.so
7fbd28493000-7fbd28494000 rw-p 00023000 08:01 58864                      /lib/x86_64-linux-gnu/ld-2.19.so
7fbd28494000-7fbd28495000 rw-p 00000000 00:00 0 
7ffdd3163000-7ffdd3186000 rw-p 00000000 00:00 0                          [stack]
7ffdd31af000-7ffdd31b1000 r-xp 00000000 00:00 0                          [vdso]
ffffffffff600000-ffffffffff601000 r-xp 00000000 00:00 0                  [vsyscall]

VM Arguments:
jvm_args: -Djava.awt.headless=true -Xmx1024M -Dfile.encoding=UTF-8 -Duser.country=US -Duser.language=en -Duser.variant 
java_command: com.android.dx.command.Main --dex --num-threads=4 --output /home/user/workspace/Deadlineclub/android/app/build/intermediates/transforms/dex/debug/folders/1000/1f/main /home/user/workspace/Deadlineclub/android/app/build/intermediates/pre-dexed/debug/javax.inject-1_acf191bd8093ceb23d8fe4c01579f169231f94e9.jar /home/user/workspace/Deadlineclub/android/app/build/intermediates/pre-dexed/debug/staticlayout-proxy-1.0_32c288fa74a8b15508d604b0cfbcba52bfb2d0f7.jar /home/user/workspace/Deadlineclub/android/app/build/intermediates/pre-dexed/debug/infer-annotations-4.0_50fc1dade0b01899ff756bc8e8574a9ffcc49452.jar /home/user/workspace/Deadlineclub/android/app/build/intermediates/pre-dexed/debug/support-annotations-24.0.0_8ef1c2f2e6d673cc2ac35b5ba5f84a69b9e6c659.jar /home/user/workspace/Deadlineclub/android/app/build/intermediates/pre-dexed/debug/Deadlineclub-react-native-vector-icons-unspecified_1e671d6e02f6ea65e769a08ae9dbb1fe06bf662c.jar /home/user/workspace/Deadlineclub/android/app/build/intermediates/pre-dexed/debug/com.facebook.fresco-imagepipeline-okhttp3-1.0.1_65edc9718732a6731a559119a1397c5c5113540e.jar /home/user/workspace/Deadlineclub/android/app/build/intermediates/pre-dexed/debug/com.google.android.gms-play-services-tasks-10.2.4_9a19f6572ef1f7f84b7f4fe6ac3afc885b111468.jar /home/user/workspace/Deadlineclub/android/app/build/intermediates/pre-dexed/debug/com.facebook.fresco-fresco-1.0.1_dd0954dbb4cd44475fcb0e7359a07c1367f5a48e.jar /home/user/workspace/Deadlineclub/android/app/build/intermediates/pre-dexed/debug/com.facebook.fbui.textlayoutbuilder-textlayoutbuilder-1.0.0_e0c2fadbb34741e7768b3dede605eb795147c478.jar /home/user/workspace/Deadlineclub/android/app/build/intermediates/pre-dexed/debug/bolts-tasks-1.4.0_267e2eebb51c93ddcc7a94bb0405c20238943ac1.jar /home/user/workspace/Deadlineclub/android/app/build/intermediates/pre-dexed/debug/okhttp-urlconnection-3.6.0_9cc20d544b96167f6878f773707103a18cd143e8.jar /home/user/workspace/Deadlineclub/android/app/
java_class_path (initial): /usr/lib/android-sdk-linux/build-tools/23.0.1/lib/dx.jar
Launcher Type: SUN_STANDARD

Environment Variables:
JAVA_HOME=/usr/lib/jvm/java-8-oracle
PATH=/home/user/.nvm/versions/node/v5.12.0/bin:/usr/local/bin:/usr/bin:/bin:/usr/local/games:/usr/games:/usr/lib/jvm/java-8-oracle/bin:/usr/lib/jvm/java-8-oracle/db/bin:/usr/lib/jvm/java-8-oracle/jre/bin:/usr/lib/jvm/java-8-oracle/bin:/usr/lib/jvm/java-8-oracle/db/bin:/usr/lib/jvm/java-8-oracle/jre/bin:/usr/lib/android-sdk-linux/tools:/usr/lib/android-sdk-linux/platform-tools:/usr/lib/gradle/bin
LD_LIBRARY_PATH=~/.c9/local/lib
SHELL=/bin/bash

Signal Handlers:
SIGSEGV: [libjvm.so+0xac8af0], sa_mask[0]=11111111011111111101111111111110, sa_flags=SA_RESTART|SA_SIGINFO
SIGBUS: [libjvm.so+0xac8af0], sa_mask[0]=11111111011111111101111111111110, sa_flags=SA_RESTART|SA_SIGINFO
SIGFPE: [libjvm.so+0x921dd0], sa_mask[0]=11111111011111111101111111111110, sa_flags=SA_RESTART|SA_SIGINFO
SIGPIPE: [libjvm.so+0x921dd0], sa_mask[0]=11111111011111111101111111111110, sa_flags=SA_RESTART|SA_SIGINFO
SIGXFSZ: [libjvm.so+0x921dd0], sa_mask[0]=11111111011111111101111111111110, sa_flags=SA_RESTART|SA_SIGINFO
SIGILL: [libjvm.so+0x921dd0], sa_mask[0]=11111111011111111101111111111110, sa_flags=SA_RESTART|SA_SIGINFO
SIGUSR1: SIG_DFL, sa_mask[0]=00000000000000000000000000000000, sa_flags=none
SIGUSR2: [libjvm.so+0x923610], sa_mask[0]=00100000000000000000000000000000, sa_flags=SA_RESTART|SA_SIGINFO
SIGHUP: [libjvm.so+0x924a10], sa_mask[0]=11111111011111111101111111111110, sa_flags=SA_RESTART|SA_SIGINFO
SIGINT: [libjvm.so+0x924a10], sa_mask[0]=11111111011111111101111111111110, sa_flags=SA_RESTART|SA_SIGINFO
SIGTERM: [libjvm.so+0x924a10], sa_mask[0]=11111111011111111101111111111110, sa_flags=SA_RESTART|SA_SIGINFO
SIGQUIT: [libjvm.so+0x924a10], sa_mask[0]=11111111011111111101111111111110, sa_flags=SA_RESTART|SA_SIGINFO


---------------  S Y S T E M  ---------------

OS:DISTRIB_ID=Ubuntu
DISTRIB_RELEASE=14.04
DISTRIB_CODENAME=trusty
DISTRIB_DESCRIPTION="Ubuntu 14.04.4 LTS"

uname:Linux 3.13.0-86-generic #131-Ubuntu SMP Thu May 12 23:33:13 UTC 2016 x86_64
libc:glibc 2.19 NPTL 2.19 
rlimit: STACK 8192k, CORE 0k, NPROC 15937, NOFILE 4096, AS infinity
load average:1.48 0.51 0.24

/proc/meminfo:
MemTotal:        2049860 kB
MemFree:           56892 kB
Buffers:            2316 kB
Cached:            25284 kB
SwapCached:            0 kB
Active:          1900388 kB
Inactive:          13944 kB
Active(anon):    1887064 kB
Inactive(anon):      256 kB
Active(file):      13324 kB
Inactive(file):    13688 kB
Unevictable:           0 kB
Mlocked:               0 kB
SwapTotal:             0 kB
SwapFree:              0 kB
Dirty:               908 kB
Writeback:            12 kB
AnonPages:       1886960 kB
Mapped:            18364 kB
Shmem:               360 kB
Slab:              41440 kB
SReclaimable:      28340 kB
SUnreclaim:        13100 kB
KernelStack:        2480 kB
PageTables:        10212 kB
NFS_Unstable:          0 kB
Bounce:                0 kB
WritebackTmp:          0 kB
CommitLimit:     1024928 kB
Committed_AS:    2629568 kB
VmallocTotal:   34359738367 kB
VmallocUsed:       26600 kB
VmallocChunk:   34359706616 kB
HardwareCorrupted:     0 kB
AnonHugePages:    495616 kB
HugePages_Total:       0
HugePages_Free:        0
HugePages_Rsvd:        0
HugePages_Surp:        0
Hugepagesize:       2048 kB
DirectMap4k:       36800 kB
DirectMap2M:     2060288 kB


CPU:total 2 (initial active 2) (2 cores per cpu, 1 threads per core) family 6 model 60 stepping 3, cmov, cx8, fxsr, mmx, sse, sse2, sse3, ssse3, sse4.1, sse4.2, popcnt, avx, aes, clmul, lzcnt, tsc, tscinvbit

/proc/cpuinfo:
processor	: 0
vendor_id	: GenuineIntel
cpu family	: 6
model		: 60
model name	: Intel(R) Core(TM) i5-4460  CPU @ 3.20GHz
stepping	: 3
cpu MHz		: 3192.614
cache size	: 6144 KB
physical id	: 0
siblings	: 2
core id		: 0
cpu cores	: 2
apicid		: 0
initial apicid	: 0
fpu		: yes
fpu_exception	: yes
cpuid level	: 13
wp		: yes
flags		: fpu vme de pse tsc msr pae mce cx8 apic sep mtrr pge mca cmov pat pse36 clflush mmx fxsr sse sse2 ht syscall nx rdtscp lm constant_tsc rep_good nopl xtopology nonstop_tsc pni pclmulqdq ssse3 cx16 sse4_1 sse4_2 movbe popcnt aes xsave avx rdrand hypervisor lahf_lm abm
bogomips	: 6385.22
clflush size	: 64
cache_alignment	: 64
address sizes	: 39 bits physical, 48 bits virtual
power management:

processor	: 1
vendor_id	: GenuineIntel
cpu family	: 6
model		: 60
model name	: Intel(R) Core(TM) i5-4460  CPU @ 3.20GHz
stepping	: 3
cpu MHz		: 3192.614
cache size	: 6144 KB
physical id	: 0
siblings	: 2
core id		: 1
cpu cores	: 2
apicid		: 1
initial apicid	: 1
fpu		: yes
fpu_exception	: yes
cpuid level	: 13
wp		: yes
flags		: fpu vme de pse tsc msr pae mce cx8 apic sep mtrr pge mca cmov pat pse36 clflush mmx fxsr sse sse2 ht syscall nx rdtscp lm constant_tsc rep_good nopl xtopology nonstop_tsc pni pclmulqdq ssse3 cx16 sse4_1 sse4_2 movbe popcnt aes xsave avx rdrand hypervisor lahf_lm abm
bogomips	: 6385.22
clflush size	: 64
cache_alignment	: 64
address sizes	: 39 bits physical, 48 bits virtual
power management:



Memory: 4k page, physical 2049860k(56892k free), swap 0k(0k free)

vm_info: Java HotSpot(TM) 64-Bit Server VM (25.131-b11) for linux-amd64 JRE (1.8.0_131-b11), built on Mar 15 2017 01:23:40 by "java_re" with gcc 4.3.0 20080428 (Red Hat 4.3.0-8)

time: Wed Aug 30 18:02:23 2017
elapsed time: 4 seconds (0d 0h 0m 4s)

